The system is: Linux - 4.4.0-18362-Microsoft - x86_64
Compiling the C compiler identification source file "CMakeCCompilerId.c" succeeded.
Compiler: /usr/bin/cc 
Build flags: 
Id flags:  

The output was:
0


Compilation of the C compiler identification source "CMakeCCompilerId.c" produced "a.out"

The C compiler identification is GNU, found in "/mnt/c/Users/ranso/Documents/GitHub/CSCI_366_Programming_Assignments_2/src/cmake-build-debug/CMakeFiles/3.10.2/CompilerIdC/a.out"

Compiling the CXX compiler identification source file "CMakeCXXCompilerId.cpp" succeeded.
Compiler: /usr/bin/c++ 
Build flags: 
Id flags:  

The output was:
0


Compilation of the CXX compiler identification source "CMakeCXXCompilerId.cpp" produced "a.out"

The CXX compiler identification is GNU, found in "/mnt/c/Users/ranso/Documents/GitHub/CSCI_366_Programming_Assignments_2/src/cmake-build-debug/CMakeFiles/3.10.2/CompilerIdCXX/a.out"

Determining if the C compiler works passed with the following output:
Change Dir: /mnt/c/Users/ranso/Documents/GitHub/CSCI_366_Programming_Assignments_2/src/cmake-build-debug/CMakeFiles/CMakeTmp

Run Build Command:"/usr/bin/make" "cmTC_c79b4/fast"
/usr/bin/make -f CMakeFiles/cmTC_c79b4.dir/build.make CMakeFiles/cmTC_c79b4.dir/build
make[1]: Entering directory '/mnt/c/Users/ranso/Documents/GitHub/CSCI_366_Programming_Assignments_2/src/cmake-build-debug/CMakeFiles/CMakeTmp'
Building C object CMakeFiles/cmTC_c79b4.dir/testCCompiler.c.o
/usr/bin/cc    -o CMakeFiles/cmTC_c79b4.dir/testCCompiler.c.o   -c /mnt/c/Users/ranso/Documents/GitHub/CSCI_366_Programming_Assignments_2/src/cmake-build-debug/CMakeFiles/CMakeTmp/testCCompiler.c
Linking C executable cmTC_c79b4
/usr/bin/cmake -E cmake_link_script CMakeFiles/cmTC_c79b4.dir/link.txt --verbose=1
/usr/bin/cc      -rdynamic CMakeFiles/cmTC_c79b4.dir/testCCompiler.c.o  -o cmTC_c79b4 
make[1]: Leaving directory '/mnt/c/Users/ranso/Documents/GitHub/CSCI_366_Programming_Assignments_2/src/cmake-build-debug/CMakeFiles/CMakeTmp'


Determining if the CXX compiler works passed with the following output:
Change Dir: /mnt/c/Users/ranso/Documents/GitHub/CSCI_366_Programming_Assignments_2/src/cmake-build-debug/CMakeFiles/CMakeTmp

Run Build Command:"/usr/bin/make" "cmTC_a29ba/fast"
/usr/bin/make -f CMakeFiles/cmTC_a29ba.dir/build.make CMakeFiles/cmTC_a29ba.dir/build
make[1]: Entering directory '/mnt/c/Users/ranso/Documents/GitHub/CSCI_366_Programming_Assignments_2/src/cmake-build-debug/CMakeFiles/CMakeTmp'
Building CXX object CMakeFiles/cmTC_a29ba.dir/testCXXCompiler.cxx.o
/usr/bin/c++     -o CMakeFiles/cmTC_a29ba.dir/testCXXCompiler.cxx.o -c /mnt/c/Users/ranso/Documents/GitHub/CSCI_366_Programming_Assignments_2/src/cmake-build-debug/CMakeFiles/CMakeTmp/testCXXCompiler.cxx
Linking CXX executable cmTC_a29ba
/usr/bin/cmake -E cmake_link_script CMakeFiles/cmTC_a29ba.dir/link.txt --verbose=1
/usr/bin/c++       -rdynamic CMakeFiles/cmTC_a29ba.dir/testCXXCompiler.cxx.o  -o cmTC_a29ba 
make[1]: Leaving directory '/mnt/c/Users/ranso/Documents/GitHub/CSCI_366_Programming_Assignments_2/src/cmake-build-debug/CMakeFiles/CMakeTmp'


